<?xml version="1.0" encoding="UTF-8"?>
<testng-results ignored="0" total="1" passed="1" failed="0" skipped="0">
  <reporter-output>
  </reporter-output>
  <suite started-at="2023-11-19T13:23:09 CST" name="Default suite" finished-at="2023-11-19T13:23:30 CST" duration-ms="20464">
    <groups>
      <group name="cucumber">
        <method signature="AbstractTestNGCucumberTests.feature(cucumber.api.testng.CucumberFeatureWrapper)[pri:0, instance:TestRunner.TestRunner@73eb439a]" name="feature" class="cucumber.api.testng.AbstractTestNGCucumberTests"/>
      </group> <!-- cucumber -->
    </groups>
    <test started-at="2023-11-19T13:23:09 CST" name="Default test" finished-at="2023-11-19T13:23:30 CST" duration-ms="20464">
      <class name="TestRunner.TestRunner">
        <test-method is-config="true" signature="setUpClass()[pri:0, instance:TestRunner.TestRunner@73eb439a]" started-at="2023-11-19T13:23:09 CST" name="setUpClass" finished-at="2023-11-19T13:23:10 CST" duration-ms="261" status="PASS">
          <reporter-output>
          </reporter-output>
        </test-method> <!-- setUpClass -->
        <test-method signature="feature(cucumber.api.testng.CucumberFeatureWrapper)[pri:0, instance:TestRunner.TestRunner@73eb439a]" started-at="2023-11-19T13:23:10 CST" name="feature" description="Runs Cucumber Feature" data-provider="features" finished-at="2023-11-19T13:23:30 CST" duration-ms="20026" status="PASS">
          <params>
            <param index="0">
              <value>
                <![CDATA[vnbsdjkgbsjkgvbsbgvkjsb]]>
              </value>
            </param>
          </params>
          <reporter-output>
          </reporter-output>
        </test-method> <!-- feature -->
        <test-method is-config="true" signature="tearDownClass()[pri:0, instance:TestRunner.TestRunner@73eb439a]" started-at="2023-11-19T13:23:30 CST" name="tearDownClass" finished-at="2023-11-19T13:23:30 CST" duration-ms="19" status="PASS">
          <reporter-output>
          </reporter-output>
        </test-method> <!-- tearDownClass -->
      </class> <!-- TestRunner.TestRunner -->
    </test> <!-- Default test -->
  </suite> <!-- Default suite -->
</testng-results>
